25/04/2021 05:57:37 PM - <module> - INFO - *******************************************NEW RUN*********************************************************
25/04/2021 05:57:37 PM - <module> - INFO - Base URL set to : https://optimization-staging.pyxispm.com/api/
25/04/2021 05:57:37 PM - <module> - INFO - Headers set to : {'token': 'eyJ0eXAiOiJKV1QiLCJhbGciOiJIUzI1NiJ9.eyJ0b2tlbl90eXBlIjoiYWNjZXNzIiwiZXhwIjoxNjA2OTI2NjA1LCJqdGkiOiJkYmUzNTA3NWNiZGM0ZmQ3YTUzMDc2MTZhN2QwNGY2NSIsImVtYWlsIjoiY3JlYXRpdmUtYW5hbHlzaXNAYWlxdWlyZS5jb20iLCJ1c2VybmFtZSI6ImNyZWF0aXZlLWFuYWx5c2lzIiwiZmlyc3RfbmFtZSI6IiIsImxhc3RfbmFtZSI6IiIsImlkIjo1Mn0.NFYMqO826pn-Ky8Gfr-y7aKns2ogaLgBd-Em7fzVyig', 'content-type': 'application/json'}
25/04/2021 05:57:37 PM - <module> - INFO - account_id set to : 36
25/04/2021 05:57:37 PM - <module> - INFO - <po_01> - CSV File row data: {'Test Id': 'po_01', 'Test scenario': 'Creating Tactics - step 1', 'Test case': 'create a  campaign level task using tactic creation api', 'Priority': 'P0', 'Test Data': '{\n        "status": "draft",\n        "date_schedule": "continuously",\n        "level": "campaign",\n        "client_name": "demo client",\n        "type": "performance",\n        "tasks": [{\n                "task": "pause_campaign",\n                "meta_data": {},\n                "conditions": {\n                        "child_conditions": [{\n                                "name": "fb_primary_actions_post_engagement",\n                                "time": "today",\n                                "condition": ">=",\n                                "value": 0,\n                                "rel_child": "AND",\n                                "aggregate": "",\n                                "child_conditions": [],\n                                "child_groups": []\n                        }],\n                        "child_groups": []\n                }\n        }],\n        "setup_type": "exp",\n        "task_sequence": null,\n        "objective": ""\n}', 'Methods / Request Type': 'POST', 'Test Steps': '1. Use the api as given in test data with the json.\n2. Do a post request on API. \n3. And validate the result as per expected', 'Expected status code': '200', 'Error': 'FALSE', 'Expected result': '1. Status should be 200 OK.\n2. Response time should be less than 500ms.\n3. Response:{\n    "error": false,\n    "data": {\n        "id": 5231,\n        "name": null,\n        "start_date": null,\n        "end_date": null,\n        "status": "draft",\n        "ad_account_id": 99,\n        "auth_user": 11,\n        "tasks": [\n            {\n                "id": 6152,\n                "dsl": "when fb_primary_actions_post_engagement  for today >= 0 perform the following actions \\n \\tPAUSE_CAMPAIGN\\nend",\n                "logic": "T1",\n                "type": "",\n                "value": "",\n                "tactic": 5231,\n                "triggers": [\n                    {\n                        "name": "fb_primary_actions_post_engagement",\n                        "condition": ">=",\n                        "value": "0",\n                        "time": "today",\n                        "aggregate": "",\n                        "task": 6152\n                    }\n                ],\n                "meta_data": {},\n                "name": "PAUSE_CAMPAIGN"\n            }\n        ],\n        "filtered_ids": null,\n        "recalculate_filters": null,\n        "level": "campaign",\n        "tactic_json": {\n            "status": "draft",\n            "date_schedule": "continuously",\n            "level": "campaign",\n            "client_name": "demo client",\n            "type": "performance",\n            "tasks": [\n                {\n                    "task": "pause_campaign",\n                    "meta_data": {},\n                    "conditions": {\n                        "child_conditions": [\n                            {\n                                "name": "fb_primary_actions_post_engagement",\n                                "time": "today",\n                                "condition": ">=",\n                                "value": 0,\n                                "rel_child": "AND",\n                                "aggregate": "",\n                                "child_conditions": [],\n                                "child_groups": []\n                            }\n                        ],\n                        "child_groups": []\n                    }\n                }\n            ],\n            "setup_type": "exp",\n            "task_sequence": null,\n            "objective": "",\n            "ad_account_id": 99\n        },\n        "setup_type": "exp",\n        "frequency_limit": null,\n        "type": "performance"\n    }\n}', 'Actual result': '', 'Status': '', 'Comments': 'done'}
25/04/2021 05:57:37 PM - <module> - INFO - <po_01> - Endpoint set to : adaccount/36/tactic
25/04/2021 05:57:37 PM - <module> - INFO - <po_01> - Body set to: {
        "status": "draft",
        "date_schedule": "continuously",
        "level": "campaign",
        "client_name": "demo client",
        "type": "performance",
        "tasks": [{
                "task": "pause_campaign",
                "meta_data": {},
                "conditions": {
                        "child_conditions": [{
                                "name": "fb_primary_actions_post_engagement",
                                "time": "today",
                                "condition": ">=",
                                "value": 0,
                                "rel_child": "AND",
                                "aggregate": "",
                                "child_conditions": [],
                                "child_groups": []
                        }],
                        "child_groups": []
                }
        }],
        "setup_type": "exp",
        "task_sequence": null,
        "objective": ""
}
25/04/2021 05:57:37 PM - <module> - INFO - <po_01> - Performing post
25/04/2021 05:57:38 PM - <module> - INFO - <po_01> - POST Response: {'error': False, 'data': {'id': 7868, 'name': None, 'start_date': None, 'end_date': None, 'status': 'draft', 'ad_account_id': 36, 'auth_user': 11, 'tasks': [{'id': 9200, 'dsl': 'when fb_primary_actions_post_engagement  for today >= 0 perform the following actions \n \tPAUSE_CAMPAIGN\nend', 'logic': 'T1', 'type': '', 'value': '', 'tactic': 7868, 'triggers': [{'name': 'fb_primary_actions_post_engagement', 'condition': '>=', 'value': '0', 'time': 'today', 'aggregate': '', 'task': 9200}], 'meta_data': {}, 'name': 'PAUSE_CAMPAIGN'}], 'filtered_ids': None, 'recalculate_filters': None, 'level': 'campaign', 'tactic_json': {'status': 'draft', 'date_schedule': 'continuously', 'level': 'campaign', 'client_name': 'demo client', 'type': 'performance', 'tasks': [{'task': 'pause_campaign', 'meta_data': {}, 'conditions': {'child_conditions': [{'name': 'fb_primary_actions_post_engagement', 'time': 'today', 'condition': '>=', 'value': 0, 'rel_child': 'AND', 'aggregate': '', 'child_conditions': [], 'child_groups': []}], 'child_groups': []}}], 'setup_type': 'exp', 'task_sequence': None, 'objective': '', 'ad_account_id': 36}, 'setup_type': 'exp', 'frequency_limit': None, 'type': 'performance', 'action_execution_frequency': None}}
25/04/2021 05:57:38 PM - <module> - INFO - <po_01> - Actule Response Code: 200
25/04/2021 05:57:38 PM - <module> - INFO - <po_01> - Expected Response Code: 200
25/04/2021 05:57:38 PM - <module> - INFO - <po_01> - Actule Error Code: False
25/04/2021 05:57:38 PM - <module> - INFO - <po_01> - Expected Error Code: FALSE
25/04/2021 05:57:38 PM - <module> - INFO - <po_01> - Tactic Id: 7868
25/04/2021 05:57:38 PM - <module> - INFO - <po_01> - Tactic Id: 7868
25/04/2021 05:57:38 PM - <module> - INFO - <po_01> - DELETE Response: {'error': False, 'data': {'Success': True}}
25/04/2021 05:57:38 PM - <module> - INFO - Base URL set to : https://optimization-staging.pyxispm.com/api/
25/04/2021 05:57:38 PM - <module> - INFO - Headers set to : {'token': 'eyJ0eXAiOiJKV1QiLCJhbGciOiJIUzI1NiJ9.eyJ0b2tlbl90eXBlIjoiYWNjZXNzIiwiZXhwIjoxNjA2OTI2NjA1LCJqdGkiOiJkYmUzNTA3NWNiZGM0ZmQ3YTUzMDc2MTZhN2QwNGY2NSIsImVtYWlsIjoiY3JlYXRpdmUtYW5hbHlzaXNAYWlxdWlyZS5jb20iLCJ1c2VybmFtZSI6ImNyZWF0aXZlLWFuYWx5c2lzIiwiZmlyc3RfbmFtZSI6IiIsImxhc3RfbmFtZSI6IiIsImlkIjo1Mn0.NFYMqO826pn-Ky8Gfr-y7aKns2ogaLgBd-Em7fzVyig', 'content-type': 'application/json'}
25/04/2021 05:57:38 PM - <module> - INFO - account_id set to : 36
25/04/2021 05:57:38 PM - <module> - INFO - <po_02> - CSV File row data: {'Test Id': 'po_02', 'Test scenario': 'Creating Tactics - step 1', 'Test case': 'Validate if "status" accepts "draft"', 'Priority': 'P0', 'Test Data': '{\n        "status": "draft",\n        "date_schedule": "continuously",\n        "level": "campaign",\n        "client_name": "demo client",\n        "type": "performance",\n        "tasks": [{\n                "task": "pause_campaign",\n                "meta_data": {},\n                "conditions": {\n                        "child_conditions": [{\n                                "name": "fb_primary_actions_post_engagement",\n                                "time": "today",\n                                "condition": ">=",\n                                "value": 0,\n                                "rel_child": "AND",\n                                "aggregate": "",\n                                "child_conditions": [],\n                                "child_groups": []\n                        }],\n                        "child_groups": []\n                }\n        }],\n        "setup_type": "exp",\n        "task_sequence": null,\n        "objective": ""\n}', 'Methods / Request Type': 'POST', 'Test Steps': '1. Use the api as given in test data with the json.\n2. Check if the value of parameter "status" is "draft"\n3. Do a post request on API. \n4. And validate the result as per expected', 'Expected status code': '200', 'Error': 'FALSE', 'Expected result': '1. Status should be 200 OK.\n2. Response time should be less than 500ms.\n3. Response:\n{\n    "error": false,\n    "data": {\n        "id": 5231,\n        "name": null,\n        "start_date": null,\n        "end_date": null,\n        "status": "draft",\n        "ad_account_id": 99,\n        "auth_user": 11,\n        "tasks": [\n            {\n                "id": 6152,\n                "dsl": "when fb_primary_actions_post_engagement  for today >= 0 perform the following actions \\n \\tPAUSE_CAMPAIGN\\nend",\n                "logic": "T1",\n                "type": "",\n                "value": "",\n                "tactic": 5231,\n                "triggers": [\n                    {\n                        "name": "fb_primary_actions_post_engagement",\n                        "condition": ">=",\n                        "value": "0",\n                        "time": "today",\n                        "aggregate": "",\n                        "task": 6152\n                    }\n                ],\n                "meta_data": {},\n                "name": "PAUSE_CAMPAIGN"\n            }\n        ],\n        "filtered_ids": null,\n        "recalculate_filters": null,\n        "level": "campaign",\n        "tactic_json": {\n            "status": "draft",\n            "date_schedule": "continuously",\n            "level": "campaign",\n            "client_name": "demo client",\n            "type": "performance",\n            "tasks": [\n                {\n                    "task": "pause_campaign",\n                    "meta_data": {},\n                    "conditions": {\n                        "child_conditions": [\n                            {\n                                "name": "fb_primary_actions_post_engagement",\n                                "time": "today",\n                                "condition": ">=",\n                                "value": 0,\n                                "rel_child": "AND",\n                                "aggregate": "",\n                                "child_conditions": [],\n                                "child_groups": []\n                            }\n                        ],\n                        "child_groups": []\n                    }\n                }\n            ],\n            "setup_type": "exp",\n            "task_sequence": null,\n            "objective": "",\n            "ad_account_id": 99\n        },\n        "setup_type": "exp",\n        "frequency_limit": null,\n        "type": "performance"\n    }\n}', 'Actual result': '', 'Status': '', 'Comments': ''}
25/04/2021 05:57:38 PM - <module> - INFO - <po_02> - Endpoint set to : adaccount/36/tactic
25/04/2021 05:57:38 PM - <module> - INFO - <po_02> - Body set to: {
        "status": "draft",
        "date_schedule": "continuously",
        "level": "campaign",
        "client_name": "demo client",
        "type": "performance",
        "tasks": [{
                "task": "pause_campaign",
                "meta_data": {},
                "conditions": {
                        "child_conditions": [{
                                "name": "fb_primary_actions_post_engagement",
                                "time": "today",
                                "condition": ">=",
                                "value": 0,
                                "rel_child": "AND",
                                "aggregate": "",
                                "child_conditions": [],
                                "child_groups": []
                        }],
                        "child_groups": []
                }
        }],
        "setup_type": "exp",
        "task_sequence": null,
        "objective": ""
}
25/04/2021 05:57:38 PM - <module> - INFO - <po_02> - Performing post
25/04/2021 05:57:39 PM - <module> - INFO - <po_02> - POST Response: {'error': False, 'data': {'id': 7869, 'name': None, 'start_date': None, 'end_date': None, 'status': 'draft', 'ad_account_id': 36, 'auth_user': 11, 'tasks': [{'id': 9201, 'dsl': 'when fb_primary_actions_post_engagement  for today >= 0 perform the following actions \n \tPAUSE_CAMPAIGN\nend', 'logic': 'T1', 'type': '', 'value': '', 'tactic': 7869, 'triggers': [{'name': 'fb_primary_actions_post_engagement', 'condition': '>=', 'value': '0', 'time': 'today', 'aggregate': '', 'task': 9201}], 'meta_data': {}, 'name': 'PAUSE_CAMPAIGN'}], 'filtered_ids': None, 'recalculate_filters': None, 'level': 'campaign', 'tactic_json': {'status': 'draft', 'date_schedule': 'continuously', 'level': 'campaign', 'client_name': 'demo client', 'type': 'performance', 'tasks': [{'task': 'pause_campaign', 'meta_data': {}, 'conditions': {'child_conditions': [{'name': 'fb_primary_actions_post_engagement', 'time': 'today', 'condition': '>=', 'value': 0, 'rel_child': 'AND', 'aggregate': '', 'child_conditions': [], 'child_groups': []}], 'child_groups': []}}], 'setup_type': 'exp', 'task_sequence': None, 'objective': '', 'ad_account_id': 36}, 'setup_type': 'exp', 'frequency_limit': None, 'type': 'performance', 'action_execution_frequency': None}}
25/04/2021 05:57:39 PM - <module> - INFO - <po_02> - Actule Response Code: 200
25/04/2021 05:57:39 PM - <module> - INFO - <po_02> - Expected Response Code: 200
25/04/2021 05:57:39 PM - <module> - INFO - <po_02> - Actule Error Code: False
25/04/2021 05:57:39 PM - <module> - INFO - <po_02> - Expected Error Code: FALSE
25/04/2021 05:57:39 PM - <module> - INFO - <po_02> - Tactic status: draft
25/04/2021 05:57:39 PM - <module> - INFO - <po_02> - Tactic Id: 7869
25/04/2021 05:57:39 PM - <module> - INFO - <po_02> - DELETE Response: {'error': False, 'data': {'Success': True}}
25/04/2021 05:57:39 PM - <module> - INFO - Base URL set to : https://optimization-staging.pyxispm.com/api/
25/04/2021 05:57:39 PM - <module> - INFO - Headers set to : {'token': 'eyJ0eXAiOiJKV1QiLCJhbGciOiJIUzI1NiJ9.eyJ0b2tlbl90eXBlIjoiYWNjZXNzIiwiZXhwIjoxNjA2OTI2NjA1LCJqdGkiOiJkYmUzNTA3NWNiZGM0ZmQ3YTUzMDc2MTZhN2QwNGY2NSIsImVtYWlsIjoiY3JlYXRpdmUtYW5hbHlzaXNAYWlxdWlyZS5jb20iLCJ1c2VybmFtZSI6ImNyZWF0aXZlLWFuYWx5c2lzIiwiZmlyc3RfbmFtZSI6IiIsImxhc3RfbmFtZSI6IiIsImlkIjo1Mn0.NFYMqO826pn-Ky8Gfr-y7aKns2ogaLgBd-Em7fzVyig', 'content-type': 'application/json'}
25/04/2021 05:57:39 PM - <module> - INFO - account_id set to : 36
25/04/2021 05:57:39 PM - <module> - INFO - <po_03> - CSV File row data: {'Test Id': 'po_03', 'Test scenario': 'Creating Tactics - step 1', 'Test case': 'Validate if "status" accepts "on"', 'Priority': 'P0', 'Test Data': '{\n        "status": "on",\n        "date_schedule": "continuously",\n        "level": "campaign",\n        "client_name": "demo client",\n        "type": "performance",\n        "tasks": [{\n                "task": "pause_campaign",\n                "meta_data": {},\n                "conditions": {\n                        "child_conditions": [{\n                                "name": "fb_primary_actions_post_engagement",\n                                "time": "today",\n                                "condition": ">=",\n                                "value": 0,\n                                "rel_child": "AND",\n                                "aggregate": "",\n                                "child_conditions": [],\n                                "child_groups": []\n                        }],\n                        "child_groups": []\n                }\n        }],\n        "setup_type": "exp",\n        "task_sequence": null,\n        "objective": ""\n}', 'Methods / Request Type': 'POST', 'Test Steps': '1. Use the api as given in test data with the json.\n2. Check if the value of parameter "status" is "on"\n3. Do a post request on API. \n4. And validate the result as per expected', 'Expected status code': '200', 'Error': 'FALSE', 'Expected result': '1. Status should be 200 OK.\n2. Response time should be less than 500ms.\n3. Response:{\n    "error": false,\n    "data": {\n        "id": 5231,\n        "name": null,\n        "start_date": null,\n        "end_date": null,\n        "status": "on",\n        "ad_account_id": 99,\n        "auth_user": 11,\n        "tasks": [\n            {\n                "id": 6152,\n                "dsl": "when fb_primary_actions_post_engagement  for today >= 0 perform the following actions \\n \\tPAUSE_CAMPAIGN\\nend",\n                "logic": "T1",\n                "type": "",\n                "value": "",\n                "tactic": 5231,\n                "triggers": [\n                    {\n                        "name": "fb_primary_actions_post_engagement",\n                        "condition": ">=",\n                        "value": "0",\n                        "time": "today",\n                        "aggregate": "",\n                        "task": 6152\n                    }\n                ],\n                "meta_data": {},\n                "name": "PAUSE_CAMPAIGN"\n            }\n        ],\n        "filtered_ids": null,\n        "recalculate_filters": null,\n        "level": "campaign",\n        "tactic_json": {\n            "status": "on",\n            "date_schedule": "continuously",\n            "level": "campaign",\n            "client_name": "demo client",\n            "type": "performance",\n            "tasks": [\n                {\n                    "task": "pause_campaign",\n                    "meta_data": {},\n                    "conditions": {\n                        "child_conditions": [\n                            {\n                                "name": "fb_primary_actions_post_engagement",\n                                "time": "today",\n                                "condition": ">=",\n                                "value": 0,\n                                "rel_child": "AND",\n                                "aggregate": "",\n                                "child_conditions": [],\n                                "child_groups": []\n                            }\n                        ],\n                        "child_groups": []\n                    }\n                }\n            ],\n            "setup_type": "exp",\n            "task_sequence": null,\n            "objective": "",\n            "ad_account_id": 99\n        },\n        "setup_type": "exp",\n        "frequency_limit": null,\n        "type": "performance"\n    }\n}\n\n', 'Actual result': '', 'Status': '', 'Comments': ''}
25/04/2021 05:57:39 PM - <module> - INFO - <po_03> - Endpoint set to : adaccount/36/tactic
25/04/2021 05:57:39 PM - <module> - INFO - <po_03> - Body set to: {
        "status": "on",
        "date_schedule": "continuously",
        "level": "campaign",
        "client_name": "demo client",
        "type": "performance",
        "tasks": [{
                "task": "pause_campaign",
                "meta_data": {},
                "conditions": {
                        "child_conditions": [{
                                "name": "fb_primary_actions_post_engagement",
                                "time": "today",
                                "condition": ">=",
                                "value": 0,
                                "rel_child": "AND",
                                "aggregate": "",
                                "child_conditions": [],
                                "child_groups": []
                        }],
                        "child_groups": []
                }
        }],
        "setup_type": "exp",
        "task_sequence": null,
        "objective": ""
}
25/04/2021 05:57:39 PM - <module> - INFO - <po_03> - Performing post
25/04/2021 05:57:39 PM - <module> - INFO - <po_03> - POST Response: {'error': False, 'data': {'id': 7870, 'name': None, 'start_date': None, 'end_date': None, 'status': 'on', 'ad_account_id': 36, 'auth_user': 11, 'tasks': [{'id': 9202, 'dsl': 'when fb_primary_actions_post_engagement  for today >= 0 perform the following actions \n \tPAUSE_CAMPAIGN\nend', 'logic': 'T1', 'type': '', 'value': '', 'tactic': 7870, 'triggers': [{'name': 'fb_primary_actions_post_engagement', 'condition': '>=', 'value': '0', 'time': 'today', 'aggregate': '', 'task': 9202}], 'meta_data': {}, 'name': 'PAUSE_CAMPAIGN'}], 'filtered_ids': None, 'recalculate_filters': None, 'level': 'campaign', 'tactic_json': {'status': 'on', 'date_schedule': 'continuously', 'level': 'campaign', 'client_name': 'demo client', 'type': 'performance', 'tasks': [{'task': 'pause_campaign', 'meta_data': {}, 'conditions': {'child_conditions': [{'name': 'fb_primary_actions_post_engagement', 'time': 'today', 'condition': '>=', 'value': 0, 'rel_child': 'AND', 'aggregate': '', 'child_conditions': [], 'child_groups': []}], 'child_groups': []}}], 'setup_type': 'exp', 'task_sequence': None, 'objective': '', 'ad_account_id': 36}, 'setup_type': 'exp', 'frequency_limit': None, 'type': 'performance', 'action_execution_frequency': None}}
25/04/2021 05:57:39 PM - <module> - INFO - <po_03> - Actule Response Code: 200
25/04/2021 05:57:39 PM - <module> - INFO - <po_03> - Expected Response Code: 200
25/04/2021 05:57:39 PM - <module> - INFO - <po_03> - Actule Error Code: False
25/04/2021 05:57:39 PM - <module> - INFO - <po_03> - Expected Error Code: FALSE
25/04/2021 05:57:39 PM - <module> - INFO - <po_03> - Tactic status: on
25/04/2021 05:57:39 PM - <module> - INFO - <po_03> - Tactic Id: 7870
25/04/2021 05:57:40 PM - <module> - INFO - <po_03> - DELETE Response: {'error': False, 'data': {'Success': True}}
25/04/2021 05:57:40 PM - <module> - INFO - Base URL set to : https://optimization-staging.pyxispm.com/api/
25/04/2021 05:57:40 PM - <module> - INFO - Headers set to : {'token': 'eyJ0eXAiOiJKV1QiLCJhbGciOiJIUzI1NiJ9.eyJ0b2tlbl90eXBlIjoiYWNjZXNzIiwiZXhwIjoxNjA2OTI2NjA1LCJqdGkiOiJkYmUzNTA3NWNiZGM0ZmQ3YTUzMDc2MTZhN2QwNGY2NSIsImVtYWlsIjoiY3JlYXRpdmUtYW5hbHlzaXNAYWlxdWlyZS5jb20iLCJ1c2VybmFtZSI6ImNyZWF0aXZlLWFuYWx5c2lzIiwiZmlyc3RfbmFtZSI6IiIsImxhc3RfbmFtZSI6IiIsImlkIjo1Mn0.NFYMqO826pn-Ky8Gfr-y7aKns2ogaLgBd-Em7fzVyig', 'content-type': 'application/json'}
25/04/2021 05:57:40 PM - <module> - INFO - account_id set to : 36
25/04/2021 05:57:40 PM - <module> - INFO - <po_04> - CSV File row data: {'Test Id': 'po_04', 'Test scenario': 'Creating Tactics - step 1', 'Test case': 'Validate if "status" accepts "off"', 'Priority': 'P0', 'Test Data': '{\n        "status": "off",\n        "date_schedule": "continuously",\n        "level": "campaign",\n        "client_name": "demo client",\n        "type": "performance",\n        "tasks": [{\n                "task": "pause_campaign",\n                "meta_data": {},\n                "conditions": {\n                        "child_conditions": [{\n                                "name": "fb_primary_actions_post_engagement",\n                                "time": "today",\n                                "condition": ">=",\n                                "value": 0,\n                                "rel_child": "AND",\n                                "aggregate": "",\n                                "child_conditions": [],\n                                "child_groups": []\n                        }],\n                        "child_groups": []\n                }\n        }],\n        "setup_type": "exp",\n        "task_sequence": null,\n        "objective": ""\n}', 'Methods / Request Type': 'POST', 'Test Steps': '1. Use the api as given in test data with the json.\n2. Check if the value of parameter "status" is "off"\n3. Do a post request on API. \n4. And validate the result as per expected', 'Expected status code': '200', 'Error': 'FALSE', 'Expected result': '1. Status should be 200 OK.\n2. Response time should be less than 500ms.\n3. Response:{\n    "error": false,\n    "data": {\n        "id": 5231,\n        "name": null,\n        "start_date": null,\n        "end_date": null,\n        "status": "off",\n        "ad_account_id": 99,\n        "auth_user": 11,\n        "tasks": [\n            {\n                "id": 6152,\n                "dsl": "when fb_primary_actions_post_engagement  for today >= 0 perform the following actions \\n \\tPAUSE_CAMPAIGN\\nend",\n                "logic": "T1",\n                "type": "",\n                "value": "",\n                "tactic": 5231,\n                "triggers": [\n                    {\n                        "name": "fb_primary_actions_post_engagement",\n                        "condition": ">=",\n                        "value": "0",\n                        "time": "today",\n                        "aggregate": "",\n                        "task": 6152\n                    }\n                ],\n                "meta_data": {},\n                "name": "PAUSE_CAMPAIGN"\n            }\n        ],\n        "filtered_ids": null,\n        "recalculate_filters": null,\n        "level": "campaign",\n        "tactic_json": {\n            "status": "off",\n            "date_schedule": "continuously",\n            "level": "campaign",\n            "client_name": "demo client",\n            "type": "performance",\n            "tasks": [\n                {\n                    "task": "pause_campaign",\n                    "meta_data": {},\n                    "conditions": {\n                        "child_conditions": [\n                            {\n                                "name": "fb_primary_actions_post_engagement",\n                                "time": "today",\n                                "condition": ">=",\n                                "value": 0,\n                                "rel_child": "AND",\n                                "aggregate": "",\n                                "child_conditions": [],\n                                "child_groups": []\n                            }\n                        ],\n                        "child_groups": []\n                    }\n                }\n            ],\n            "setup_type": "exp",\n            "task_sequence": null,\n            "objective": "",\n            "ad_account_id": 99\n        },\n        "setup_type": "exp",\n        "frequency_limit": null,\n        "type": "performance"\n    }\n}\n', 'Actual result': '', 'Status': '', 'Comments': ''}
25/04/2021 05:57:40 PM - <module> - INFO - <po_04> - Endpoint set to : adaccount/36/tactic
25/04/2021 05:57:40 PM - <module> - INFO - <po_04> - Body set to: {
        "status": "off",
        "date_schedule": "continuously",
        "level": "campaign",
        "client_name": "demo client",
        "type": "performance",
        "tasks": [{
                "task": "pause_campaign",
                "meta_data": {},
                "conditions": {
                        "child_conditions": [{
                                "name": "fb_primary_actions_post_engagement",
                                "time": "today",
                                "condition": ">=",
                                "value": 0,
                                "rel_child": "AND",
                                "aggregate": "",
                                "child_conditions": [],
                                "child_groups": []
                        }],
                        "child_groups": []
                }
        }],
        "setup_type": "exp",
        "task_sequence": null,
        "objective": ""
}
25/04/2021 05:57:40 PM - <module> - INFO - <po_04> - Performing post
25/04/2021 05:57:40 PM - <module> - INFO - <po_04> - POST Response: {'error': False, 'data': {'id': 7871, 'name': None, 'start_date': None, 'end_date': None, 'status': 'off', 'ad_account_id': 36, 'auth_user': 11, 'tasks': [{'id': 9203, 'dsl': 'when fb_primary_actions_post_engagement  for today >= 0 perform the following actions \n \tPAUSE_CAMPAIGN\nend', 'logic': 'T1', 'type': '', 'value': '', 'tactic': 7871, 'triggers': [{'name': 'fb_primary_actions_post_engagement', 'condition': '>=', 'value': '0', 'time': 'today', 'aggregate': '', 'task': 9203}], 'meta_data': {}, 'name': 'PAUSE_CAMPAIGN'}], 'filtered_ids': None, 'recalculate_filters': None, 'level': 'campaign', 'tactic_json': {'status': 'off', 'date_schedule': 'continuously', 'level': 'campaign', 'client_name': 'demo client', 'type': 'performance', 'tasks': [{'task': 'pause_campaign', 'meta_data': {}, 'conditions': {'child_conditions': [{'name': 'fb_primary_actions_post_engagement', 'time': 'today', 'condition': '>=', 'value': 0, 'rel_child': 'AND', 'aggregate': '', 'child_conditions': [], 'child_groups': []}], 'child_groups': []}}], 'setup_type': 'exp', 'task_sequence': None, 'objective': '', 'ad_account_id': 36}, 'setup_type': 'exp', 'frequency_limit': None, 'type': 'performance', 'action_execution_frequency': None}}
25/04/2021 05:57:40 PM - <module> - INFO - <po_04> - Actule Response Code: 200
25/04/2021 05:57:40 PM - <module> - INFO - <po_04> - Expected Response Code: 200
25/04/2021 05:57:40 PM - <module> - INFO - <po_04> - Actule Error Code: False
25/04/2021 05:57:40 PM - <module> - INFO - <po_04> - Expected Error Code: FALSE
25/04/2021 05:57:40 PM - <module> - INFO - <po_04> - Tactic status: off
25/04/2021 05:57:40 PM - <module> - INFO - <po_04> - Tactic Id: 7871
25/04/2021 05:57:40 PM - <module> - INFO - <po_04> - DELETE Response: {'error': False, 'data': {'Success': True}}
25/04/2021 05:57:40 PM - <module> - INFO - Base URL set to : https://optimization-staging.pyxispm.com/api/
25/04/2021 05:57:40 PM - <module> - INFO - Headers set to : {'token': 'eyJ0eXAiOiJKV1QiLCJhbGciOiJIUzI1NiJ9.eyJ0b2tlbl90eXBlIjoiYWNjZXNzIiwiZXhwIjoxNjA2OTI2NjA1LCJqdGkiOiJkYmUzNTA3NWNiZGM0ZmQ3YTUzMDc2MTZhN2QwNGY2NSIsImVtYWlsIjoiY3JlYXRpdmUtYW5hbHlzaXNAYWlxdWlyZS5jb20iLCJ1c2VybmFtZSI6ImNyZWF0aXZlLWFuYWx5c2lzIiwiZmlyc3RfbmFtZSI6IiIsImxhc3RfbmFtZSI6IiIsImlkIjo1Mn0.NFYMqO826pn-Ky8Gfr-y7aKns2ogaLgBd-Em7fzVyig', 'content-type': 'application/json'}
25/04/2021 05:57:40 PM - <module> - INFO - account_id set to : 36
25/04/2021 05:57:40 PM - <module> - INFO - <po_05> - CSV File row data: {'Test Id': 'po_05', 'Test scenario': 'Creating Tactics - step 1', 'Test case': 'Validate if "status" accepts null', 'Priority': 'P0', 'Test Data': '{\n        "status": null,\n        "date_schedule": "continuously",\n        "level": "campaign",\n        "client_name": "demo client",\n        "type": "performance",\n        "tasks": [{\n                "task": "pause_campaign",\n                "meta_data": {},\n                "conditions": {\n                        "child_conditions": [{\n                                "name": "fb_primary_actions_post_engagement",\n                                "time": "today",\n                                "condition": ">=",\n                                "value": 0,\n                                "rel_child": "AND",\n                                "aggregate": "",\n                                "child_conditions": [],\n                                "child_groups": []\n                        }],\n                        "child_groups": []\n                }\n        }],\n        "setup_type": "exp",\n        "task_sequence": null,\n        "objective": ""\n}', 'Methods / Request Type': 'POST', 'Test Steps': '1. Use the api as given in test data with the json.\n2. Check if the value of parameter "status" is null\n3. Do a post request on API. \n4. And validate the result as per expected', 'Expected status code': '400', 'Error': 'TRUE', 'Expected result': '1. Status should be 400 .\n2. Response time should be less than 500ms.\n3. Response:\nstatus should not except null.', 'Actual result': '', 'Status': '', 'Comments': ''}
25/04/2021 05:57:40 PM - <module> - INFO - <po_05> - Endpoint set to : adaccount/36/tactic
25/04/2021 05:57:40 PM - <module> - INFO - <po_05> - Body set to: {
        "status": null,
        "date_schedule": "continuously",
        "level": "campaign",
        "client_name": "demo client",
        "type": "performance",
        "tasks": [{
                "task": "pause_campaign",
                "meta_data": {},
                "conditions": {
                        "child_conditions": [{
                                "name": "fb_primary_actions_post_engagement",
                                "time": "today",
                                "condition": ">=",
                                "value": 0,
                                "rel_child": "AND",
                                "aggregate": "",
                                "child_conditions": [],
                                "child_groups": []
                        }],
                        "child_groups": []
                }
        }],
        "setup_type": "exp",
        "task_sequence": null,
        "objective": ""
}
25/04/2021 05:57:40 PM - <module> - INFO - <po_05> - Performing post
25/04/2021 05:57:41 PM - <module> - INFO - <po_05> - POST Response: {'error': False, 'data': {'id': 7872, 'name': None, 'start_date': None, 'end_date': None, 'status': None, 'ad_account_id': 36, 'auth_user': 11, 'tasks': [{'id': 9204, 'dsl': 'when fb_primary_actions_post_engagement  for today >= 0 perform the following actions \n \tPAUSE_CAMPAIGN\nend', 'logic': 'T1', 'type': '', 'value': '', 'tactic': 7872, 'triggers': [{'name': 'fb_primary_actions_post_engagement', 'condition': '>=', 'value': '0', 'time': 'today', 'aggregate': '', 'task': 9204}], 'meta_data': {}, 'name': 'PAUSE_CAMPAIGN'}], 'filtered_ids': None, 'recalculate_filters': None, 'level': 'campaign', 'tactic_json': {'status': None, 'date_schedule': 'continuously', 'level': 'campaign', 'client_name': 'demo client', 'type': 'performance', 'tasks': [{'task': 'pause_campaign', 'meta_data': {}, 'conditions': {'child_conditions': [{'name': 'fb_primary_actions_post_engagement', 'time': 'today', 'condition': '>=', 'value': 0, 'rel_child': 'AND', 'aggregate': '', 'child_conditions': [], 'child_groups': []}], 'child_groups': []}}], 'setup_type': 'exp', 'task_sequence': None, 'objective': '', 'ad_account_id': 36}, 'setup_type': 'exp', 'frequency_limit': None, 'type': 'performance', 'action_execution_frequency': None}}
25/04/2021 05:57:41 PM - <module> - INFO - <po_05> - Actule Response Code: 200
25/04/2021 05:57:41 PM - <module> - INFO - <po_05> - Expected Response Code: 400
25/04/2021 05:57:41 PM - <module> - ERROR - <po_05> - Actule Response Code(200)does not matches Expected Response Code(400)
NoneType: None
25/04/2021 05:57:41 PM - <module> - INFO - Base URL set to : https://optimization-staging.pyxispm.com/api/
25/04/2021 05:57:41 PM - <module> - INFO - Headers set to : {'token': 'eyJ0eXAiOiJKV1QiLCJhbGciOiJIUzI1NiJ9.eyJ0b2tlbl90eXBlIjoiYWNjZXNzIiwiZXhwIjoxNjA2OTI2NjA1LCJqdGkiOiJkYmUzNTA3NWNiZGM0ZmQ3YTUzMDc2MTZhN2QwNGY2NSIsImVtYWlsIjoiY3JlYXRpdmUtYW5hbHlzaXNAYWlxdWlyZS5jb20iLCJ1c2VybmFtZSI6ImNyZWF0aXZlLWFuYWx5c2lzIiwiZmlyc3RfbmFtZSI6IiIsImxhc3RfbmFtZSI6IiIsImlkIjo1Mn0.NFYMqO826pn-Ky8Gfr-y7aKns2ogaLgBd-Em7fzVyig', 'content-type': 'application/json'}
25/04/2021 05:57:41 PM - <module> - INFO - account_id set to : 36
25/04/2021 05:57:41 PM - <module> - INFO - <po_06> - CSV File row data: {'Test Id': 'po_06', 'Test scenario': 'Creating Tactics - step 1', 'Test case': 'Validate if "status" accepts invalid value', 'Priority': 'P3', 'Test Data': '{\n        "status": "xyz",\n        "date_schedule": "continuously",\n        "level": "campaign",\n        "client_name": "demo client",\n        "type": "performance",\n        "tasks": [{\n                "task": "pause_campaign",\n                "meta_data": {},\n                "conditions": {\n                        "child_conditions": [{\n                                "name": "fb_primary_actions_post_engagement",\n                                "time": "today",\n                                "condition": ">=",\n                                "value": 0,\n                                "rel_child": "AND",\n                                "aggregate": "",\n                                "child_conditions": [],\n                                "child_groups": []\n                        }],\n                        "child_groups": []\n                }\n        }],\n        "setup_type": "exp",\n        "task_sequence": null,\n        "objective": ""\n}', 'Methods / Request Type': 'POST', 'Test Steps': '1. Use the api as given in test data with the json.\n2. Check if the value of parameter "status" is "xyz"\n3. Do a post request on API. \n4. And validate the result as per expected', 'Expected status code': '400', 'Error': 'TRUE', 'Expected result': '1. Status should be 400 .\n2. Response time should be less than 500ms.\n3. Response:\nstatus should not except any value other than "draft", "on" or "off". error should for invalid choice.', 'Actual result': '', 'Status': '', 'Comments': ''}
25/04/2021 05:57:41 PM - <module> - INFO - <po_06> - Endpoint set to : adaccount/36/tactic
25/04/2021 05:57:41 PM - <module> - INFO - <po_06> - Body set to: {
        "status": "xyz",
        "date_schedule": "continuously",
        "level": "campaign",
        "client_name": "demo client",
        "type": "performance",
        "tasks": [{
                "task": "pause_campaign",
                "meta_data": {},
                "conditions": {
                        "child_conditions": [{
                                "name": "fb_primary_actions_post_engagement",
                                "time": "today",
                                "condition": ">=",
                                "value": 0,
                                "rel_child": "AND",
                                "aggregate": "",
                                "child_conditions": [],
                                "child_groups": []
                        }],
                        "child_groups": []
                }
        }],
        "setup_type": "exp",
        "task_sequence": null,
        "objective": ""
}
25/04/2021 05:57:41 PM - <module> - INFO - <po_06> - Performing post
25/04/2021 05:57:41 PM - <module> - INFO - <po_06> - POST Response: {'error': True, 'data': {'status': ['"xyz" is not a valid choice.']}}
25/04/2021 05:57:41 PM - <module> - INFO - <po_06> - Actule Response Code: 400
25/04/2021 05:57:41 PM - <module> - INFO - <po_06> - Expected Response Code: 400
25/04/2021 05:57:41 PM - <module> - INFO - <po_06> - Actule Error Code: True
25/04/2021 05:57:41 PM - <module> - INFO - <po_06> - Expected Error Code: TRUE
25/04/2021 05:57:41 PM - <module> - INFO - <po_06> - Tactic status: ['"xyz" is not a valid choice.']
25/04/2021 05:57:41 PM - <module> - INFO - <po_06> - DELETE Response: Tactic not created.
